Determining if the pthread_create exist failed with the following output:
Change Dir: /home/sode/Documenti/CLionWorkspace/PatamanAdventure/cmake-build-debug/CMakeFiles/CMakeTmp

Run Build Command(s):/usr/bin/make cmTC_af956/fast 
/usr/bin/make -f CMakeFiles/cmTC_af956.dir/build.make CMakeFiles/cmTC_af956.dir/build
make[1]: ingresso nella directory "/home/sode/Documenti/CLionWorkspace/PatamanAdventure/cmake-build-debug/CMakeFiles/CMakeTmp"
Building C object CMakeFiles/cmTC_af956.dir/CheckSymbolExists.c.o
/usr/bin/cc    -o CMakeFiles/cmTC_af956.dir/CheckSymbolExists.c.o   -c /home/sode/Documenti/CLionWorkspace/PatamanAdventure/cmake-build-debug/CMakeFiles/CMakeTmp/CheckSymbolExists.c
Linking C executable cmTC_af956
/home/sode/Scaricati/clion-2019.1.3/bin/cmake/linux/bin/cmake -E cmake_link_script CMakeFiles/cmTC_af956.dir/link.txt --verbose=1
/usr/bin/cc      -rdynamic CMakeFiles/cmTC_af956.dir/CheckSymbolExists.c.o  -o cmTC_af956 
CMakeFiles/cmTC_af956.dir/CheckSymbolExists.c.o: nella funzione "main":
CheckSymbolExists.c:(.text+0x1b): riferimento non definito a "pthread_create"
collect2: error: ld returned 1 exit status
CMakeFiles/cmTC_af956.dir/build.make:86: recipe for target 'cmTC_af956' failed
make[1]: *** [cmTC_af956] Error 1
make[1]: uscita dalla directory "/home/sode/Documenti/CLionWorkspace/PatamanAdventure/cmake-build-debug/CMakeFiles/CMakeTmp"
Makefile:121: recipe for target 'cmTC_af956/fast' failed
make: *** [cmTC_af956/fast] Error 2

File /home/sode/Documenti/CLionWorkspace/PatamanAdventure/cmake-build-debug/CMakeFiles/CMakeTmp/CheckSymbolExists.c:
/* */
#include <pthread.h>

int main(int argc, char** argv)
{
  (void)argv;
#ifndef pthread_create
  return ((int*)(&pthread_create))[argc];
#else
  (void)argc;
  return 0;
#endif
}

Determining if the function pthread_create exists in the pthreads failed with the following output:
Change Dir: /home/sode/Documenti/CLionWorkspace/PatamanAdventure/cmake-build-debug/CMakeFiles/CMakeTmp

Run Build Command(s):/usr/bin/make cmTC_3cf70/fast 
/usr/bin/make -f CMakeFiles/cmTC_3cf70.dir/build.make CMakeFiles/cmTC_3cf70.dir/build
make[1]: ingresso nella directory "/home/sode/Documenti/CLionWorkspace/PatamanAdventure/cmake-build-debug/CMakeFiles/CMakeTmp"
Building C object CMakeFiles/cmTC_3cf70.dir/CheckFunctionExists.c.o
/usr/bin/cc   -DCHECK_FUNCTION_EXISTS=pthread_create   -o CMakeFiles/cmTC_3cf70.dir/CheckFunctionExists.c.o   -c /home/sode/Scaricati/clion-2019.1.3/bin/cmake/linux/share/cmake-3.14/Modules/CheckFunctionExists.c
Linking C executable cmTC_3cf70
/home/sode/Scaricati/clion-2019.1.3/bin/cmake/linux/bin/cmake -E cmake_link_script CMakeFiles/cmTC_3cf70.dir/link.txt --verbose=1
/usr/bin/cc  -DCHECK_FUNCTION_EXISTS=pthread_create    -rdynamic CMakeFiles/cmTC_3cf70.dir/CheckFunctionExists.c.o  -o cmTC_3cf70 -lpthreads 
/usr/bin/ld: impossibile trovare -lpthreads
collect2: error: ld returned 1 exit status
CMakeFiles/cmTC_3cf70.dir/build.make:86: recipe for target 'cmTC_3cf70' failed
make[1]: *** [cmTC_3cf70] Error 1
make[1]: uscita dalla directory "/home/sode/Documenti/CLionWorkspace/PatamanAdventure/cmake-build-debug/CMakeFiles/CMakeTmp"
Makefile:121: recipe for target 'cmTC_3cf70/fast' failed
make: *** [cmTC_3cf70/fast] Error 2


